C51 COMPILER V9.59.0.0   RXMESAJV2                                                         02/28/2024 20:27:12 PAGE 1   


C51 COMPILER V9.59.0.0, COMPILATION OF MODULE RXMESAJV2
OBJECT MODULE PLACED IN .\Objects\RxMesajV2.obj
COMPILER INVOKED BY: C:\Keil_v5\C51\BIN\C51.EXE RxMesajV2.c LARGE OPTIMIZE(8,SPEED) BROWSE INCDIR(.\BIG8051\Include) DEB
                    -UG OBJECTEXTEND PRINT(.\Listings\RxMesajV2.lst) TABS(2) OBJECT(.\Objects\RxMesajV2.obj)

line level    source

   1          #include <c8051F040.h>  // declaratii SFR
   2          #include <uart1.h>
   3          #include <Protocol.h>
   4          #include <UserIO.h>
   5          
   6          extern nod retea[];           // reteaua Master-Slave, cu 5 noduri
   7          
   8          extern unsigned char TIP_NOD;     // tip nod
   9          extern unsigned char ADR_MASTER;  // adresa nodului master
  10          
  11          extern unsigned char timeout;   // variabila globala care indica expirare timp de asteptare eveniment
  12          //********************************************************************************************************
             -***
  13          unsigned char RxMesaj(unsigned char i);       // primire mesaj de la nodul i
  14          
  15          //********************************************************************************************************
             -***
  16          unsigned char RxMesaj(unsigned char i){         // receptie mesaj                                
  17   1        unsigned char j, ch, sc, adresa_hw_src, screc, src, dest, lng, tipmes;
  18   1        
  19   1                                              // Daca nodul este master sau detine jetonul ...
  20   1                                                // M: asteapta cu timeout raspunsul de la slave
  21   1                                                // M: timeout, terminare receptie, devine master
  22   1      
  23   1                                                // M: raspunsul de la slave a venit, considera ca mesajul anterior a fost transmis cu
             - succes  
  24   1                                                
  25   1                                                  // M: ignora restul mesajului
  26   1                                                  
  27   1                                                  // M: adresa HW gresita, terminare receptie
  28   1                                            
  29   1        
  30   1                                            
  31   1                                            
  32   1                                                  // S: ignora mesajul in curs de transmisie
  33   1                                                  
  34   1                                                  // S: inceput mesaj nou, dupa o pauza in transmisie
  35   1            
  36   1                                                  // S: masterul e oprit, nodul va deveni master sau se va regenera jetonul
  37   1                                                
  38   1                                                // S: iese doar atunci cand mesajul ii este adresat acestui nod slave
  39   1                                              
  40   1                                              // M+S: initializeaza screc cu adresa HW dest (ADR_NOD)
  41   1        
  42   1                                              // M+S: Asteapta cu timeout receptia adresei HW sursa
  43   1                                              // M+S: mesaj incomplet
  44   1        
  45   1                                              // M+S: ia in calcul in screc  adresa hw src
  46   1      
  47   1                                              // nodul slave actualizeaza adresa master
  48   1        
  49   1                                              // M+S: Asteapta cu timeout receptia codului functiei
  50   1                                              // M+S: mesaj incomplet
  51   1      
C51 COMPILER V9.59.0.0   RXMESAJV2                                                         02/28/2024 20:27:12 PAGE 2   

  52   1                                              // M+S: tip mesaj necunoscut?
  53   1                                                // M+S: ignora restul mesajului
  54   1                                                
  55   1                                                // M+S: tip mesaj eronat, terminare receptie
  56   1                                              
  57   1                                              // M+S: ia in calcul in screc tipul mesajului
  58   1        
  59   1                                              // M+S: Daca mesajul este USER_MES
  60   1                                                // M+S: asteapta cu timeout adresa nodului sursa
  61   1                                                
  62   1                                                // M+S: ia in calcul in screc adresa src
  63   1                                                // M+S: asteapta cu timeout adresa nodului destinatie
  64   1                                                
  65   1                                                // M+S: ia in calcul in screc adresa dest
  66   1          
  67   1                                                // Daca nodul este master...
  68   1                                                  
  69   1                                                    // M: ignora restul mesajului
  70   1                                                    
  71   1                                                                  // M: bufferul destinatie este deja plin, terminare receptie
  72   1                                                  
  73   1                                              
  74   1                                                // M+S: asteapta cu timeout receptia lng
  75   1                                                
  76   1                                                              // M+S: ia in calcul in screc lungimea datelor
  77   1          
  78   1                                                // Daca nodul este master...
  79   1                                                  // M: stocheaza adresa HW sursa = ADR_NOD
  80   1                                                  // M: stocheaza tipul mesajului 
  81   1                                                  // M: stocheaza la src codul nodului sursa al mesajului 
  82   1                                                  // M: stocheaza la dest codul nodului destinatie a mesajului  
  83   1                                                  // M: stocheaza lng
  84   1                                                    
  85   1                                                    // M: asteapta cu timeout un octet de date
  86   1                                                    
  87   1                                                    // M: ia in calcul in screc datele
  88   1                                                    
  89   1                                                  
  90   1                                                  // M: Asteapta cu timeout receptia sumei de control
  91   1                                                  
  92   1      
  93   1                                                  
  94   1                                                    // M: mesaj corect, marcare buffer plin
  95   1                                                    
  96   1                                                
  97   1                                                  // M: eroare SC, terminare receptie
  98   1                                                                    
  99   1                                                // nodul este slave
 100   1                                                  // S: stocheaza la src codul nodului sursa al mesajului 
 101   1                                                  // S: stocheaza lng
 102   1                                                  
 103   1                                                  // S: asteapta cu timeout un octet de date
 104   1                                                    
 105   1                                                    // S: ia in calcul in screc datele
 106   1                                                    
 107   1                                                
 108   1                                                  // S: Asteapta cu timeout receptia sumei de control
 109   1                                                  
 110   1      
 111   1                                                  
 112   1                                            // S: mesaj corect, marcare buffer plin
 113   1                                                    
C51 COMPILER V9.59.0.0   RXMESAJV2                                                         02/28/2024 20:27:12 PAGE 3   

 114   1                                                  
 115   1                                                  // S: eroare SC, terminare receptie
 116   1                                                
 117   1                                            
 118   1                                              
 119   1                                                // memoreaza de la cine a primit jetonul
 120   1                                                // M+S: Asteapta cu timeout receptia sumei de control
 121   1                                                
 122   1                                                
 123   1                                                // M+S: eroare SC, terminare receptie
 124   1                                                
 125   1            return TMO;     // simuleaza lipsa unui raspuns                                 
 126   1      }
*** WARNING C280 IN LINE 16 OF RxMesajV2.c: 'i': unreferenced local variable
*** WARNING C280 IN LINE 17 OF RxMesajV2.c: 'j': unreferenced local variable
*** WARNING C280 IN LINE 17 OF RxMesajV2.c: 'ch': unreferenced local variable
*** WARNING C280 IN LINE 17 OF RxMesajV2.c: 'sc': unreferenced local variable
*** WARNING C280 IN LINE 17 OF RxMesajV2.c: 'adresa_hw_src': unreferenced local variable
*** WARNING C280 IN LINE 17 OF RxMesajV2.c: 'screc': unreferenced local variable
*** WARNING C280 IN LINE 17 OF RxMesajV2.c: 'src': unreferenced local variable
*** WARNING C280 IN LINE 17 OF RxMesajV2.c: 'dest': unreferenced local variable
*** WARNING C280 IN LINE 17 OF RxMesajV2.c: 'lng': unreferenced local variable
*** WARNING C280 IN LINE 17 OF RxMesajV2.c: 'tipmes': unreferenced local variable
 127          
 128          
 129          //********************************************************************************************************
             -***
 130          
 131          


MODULE INFORMATION:   STATIC OVERLAYABLE
   CODE SIZE        =      8    ----
   CONSTANT SIZE    =   ----    ----
   XDATA SIZE       =   ----      10
   PDATA SIZE       =   ----    ----
   DATA SIZE        =   ----    ----
   IDATA SIZE       =   ----    ----
   BIT SIZE         =   ----    ----
END OF MODULE INFORMATION.


C51 COMPILATION COMPLETE.  10 WARNING(S),  0 ERROR(S)
