C51 COMPILER V9.59.0.0   TXMESAJV4                                                         02/28/2024 20:32:40 PAGE 1   


C51 COMPILER V9.59.0.0, COMPILATION OF MODULE TXMESAJV4
OBJECT MODULE PLACED IN .\Objects\TxMesajV4.obj
COMPILER INVOKED BY: C:\Keil_v5\C51\BIN\C51.EXE TxMesajV4.c LARGE OPTIMIZE(8,SPEED) BROWSE INCDIR(.\BIG8051\Include) DEB
                    -UG OBJECTEXTEND PRINT(.\Listings\TxMesajV4.lst) TABS(2) OBJECT(.\Objects\TxMesajV4.obj)

line level    source

   1          #include <c8051F040.h>  // declaratii SFR
   2          #include <uart1.h>
   3          #include <Protocol.h>
   4          #include <UserIO.h>
   5          
   6          extern unsigned char TIP_NOD;     // tip nod initial: Nu Master, Nu Jeton
   7          
   8          extern nod retea[];
   9          
  10          extern unsigned char timeout;   // variabila globala care indica expirare timp de asteptare eveniment
  11          //********************************************************************************************************
             -***
  12          void TxMesaj(unsigned char i);  // transmisie mesaj destinat nodului i
  13          
  14          //********************************************************************************************************
             -***
  15          void TxMesaj(unsigned char i){          // transmite mesajul din buffer-ul i
  16   1        unsigned char sc, j;
  17   1      
  18   1                                              // daca este un mesaj de interogare POLL_MES sau JET_MES (au aceeasi valoare)
  19   1                                                // calculeaza direct sc
  20   1                                                                                  
  21   1                                              // altfel...
  22   1                                                // initializeaza SC cu adresa HW a nodului destinatie
  23   1                                                // ia in calcul adresa_hw_src
  24   1                                                // ia in calcul tipul mesajului
  25   1                                                // ia in calcul adresa nodului sursa al mesajului
  26   1                                                // ia in calcul adresa nodului destinatie al mesajului
  27   1                                                // ia in calcul lungimea datelor
  28   1                                                  
  29   1                                                  // ia in calcul datele
  30   1                                                // stocheaza suma de control
  31   1                                            
  32   1        
  33   1                                              // urmeaza transmisia octetului de adresa (mod MULTIPROC_ADRESA)
  34   1                                              // validare Tx si Rx UART1
  35   1                                              // validare Tx si Rx RS485
  36   1      
  37   1                                              // transmite adresa HW a nodului dest
  38   1                                              
  39   1                                              // asteapta sa receptioneze caracterul transmis
  40   1                                              // daca caracterul primit e diferit de cel transmis sau a aparut timeout ...
  41   1                                                  // dezactivare Tx UART1
  42   1                                                  // dezactivare Tx RS485
  43   1                                                  // afiseaza Eroare coliziune
  44   1                                                  // asteapta WAIT msec
  45   1                                                  // termina transmisia (revine)
  46   1                                              
  47   1      
  48   1                                              // urmeaza transmisia octetilor de date (mod MULTIPROC_DATA)
  49   1                                              // dezactivare Rx UART1
  50   1      
  51   1                                              // transmite adresa HW a nodului sursa
  52   1                                              // transmite tipul mesajului
C51 COMPILER V9.59.0.0   TXMESAJV4                                                         02/28/2024 20:32:40 PAGE 2   

  53   1        
  54   1                                              // Daca mesajul este de date ...
  55   1                                                // transmite adresa nodului sursa mesaj
  56   1                                                // transmite adresa nodului dest mesaj
  57   1                                                // transmite lungimea mesajului
  58   1                                                  
  59   1                                                  // transmite octetii de date
  60   1                                            
  61   1                                              // transmite suma de control
  62   1      
  63   1                                              // activare Rx UART1
  64   1                                              
  65   1                                              // masterul nu goleste bufferul
  66   1        
  67   1                                              // asteapta transmisia/receptia ultimului caracter
  68   1      
  69   1                                              // dezactivare Tx si RX UART1
  70   1                                              // dezactivare Tx si Rx RS485
  71   1      }
*** WARNING C280 IN LINE 15 OF TxMesajV4.c: 'i': unreferenced local variable
*** WARNING C280 IN LINE 16 OF TxMesajV4.c: 'sc': unreferenced local variable
*** WARNING C280 IN LINE 16 OF TxMesajV4.c: 'j': unreferenced local variable
  72          
  73          //********************************************************************************************************
             -***


MODULE INFORMATION:   STATIC OVERLAYABLE
   CODE SIZE        =      6    ----
   CONSTANT SIZE    =   ----    ----
   XDATA SIZE       =   ----       3
   PDATA SIZE       =   ----    ----
   DATA SIZE        =   ----    ----
   IDATA SIZE       =   ----    ----
   BIT SIZE         =   ----    ----
END OF MODULE INFORMATION.


C51 COMPILATION COMPLETE.  3 WARNING(S),  0 ERROR(S)
