C51 COMPILER V9.59.0.0   TXMESAJV2                                                         02/28/2024 20:27:12 PAGE 1   


C51 COMPILER V9.59.0.0, COMPILATION OF MODULE TXMESAJV2
OBJECT MODULE PLACED IN .\Objects\TxMesajV2.obj
COMPILER INVOKED BY: C:\Keil_v5\C51\BIN\C51.EXE TxMesajV2.c LARGE OPTIMIZE(8,SPEED) BROWSE INCDIR(.\BIG8051\Include) DEB
                    -UG OBJECTEXTEND PRINT(.\Listings\TxMesajV2.lst) TABS(2) OBJECT(.\Objects\TxMesajV2.obj)

line level    source

   1          #include <c8051F040.h>  // declaratii SFR
   2          #include <uart1.h>
   3          #include <Protocol.h>
   4          #include <UserIO.h>
   5          
   6          extern unsigned char TIP_NOD;     // tip nod initial: Nu Master, Nu Jeton
   7          
   8          extern nod retea[];
   9          
  10          extern unsigned char timeout;   // variabila globala care indica expirare timp de asteptare eveniment
  11          //********************************************************************************************************
             -***
  12          void TxMesaj(unsigned char i);  // transmisie mesaj destinat nodului i
  13          
  14          //********************************************************************************************************
             -***
  15          void TxMesaj(unsigned char i){          // transmite mesajul din buffer-ul i
  16   1        unsigned char sc, j;
  17   1                                            
  18   1                                              // daca este un mesaj de interogare (POLL_MES) sau JET_MES (au aceeasi valoare)
  19   1                                                // calculeaza direct sc
  20   1                                              
  21   1                                              // altfel...
  22   1                                                // initializeaza SC cu adresa HW a nodului destinatie
  23   1                                                // ia in calcul adresa_hw_src
  24   1                                                // ia in calcul tipul mesajului
  25   1                                                // ia in calcul adresa nodului sursa al mesajului
  26   1                                                // ia in calcul adresa nodului destinatie al mesajului
  27   1                                                // ia in calcul lungimea datelor
  28   1                                                
  29   1                                                // ia in calcul datele
  30   1                                                // stocheaza suma de control
  31   1                                            
  32   1                                              // transmite adresa HW a nodului destinatie
  33   1                                              // transmite adresa HW a nodului sursa
  34   1                                              // transmite tipul mesajului
  35   1        
  36   1                                              // Daca mesajul este USER_MES ...
  37   1                                                // transmite adresa nodului sursa mesaj
  38   1                                                // transmite adresa nodului destinatie mesaj
  39   1                                                // transmite lungimea mesajului
  40   1                                                    
  41   1                                                  // transmite octetii de date
  42   1                                              
  43   1                                              // transmite suma de control
  44   1        
  45   1                                              // masterul nu goleste buffer-ul
  46   1      
  47   1      }
*** WARNING C280 IN LINE 15 OF TxMesajV2.c: 'i': unreferenced local variable
*** WARNING C280 IN LINE 16 OF TxMesajV2.c: 'sc': unreferenced local variable
*** WARNING C280 IN LINE 16 OF TxMesajV2.c: 'j': unreferenced local variable
  48          
  49          //********************************************************************************************************
C51 COMPILER V9.59.0.0   TXMESAJV2                                                         02/28/2024 20:27:12 PAGE 2   

             -***


MODULE INFORMATION:   STATIC OVERLAYABLE
   CODE SIZE        =      6    ----
   CONSTANT SIZE    =   ----    ----
   XDATA SIZE       =   ----       3
   PDATA SIZE       =   ----    ----
   DATA SIZE        =   ----    ----
   IDATA SIZE       =   ----    ----
   BIT SIZE         =   ----    ----
END OF MODULE INFORMATION.


C51 COMPILATION COMPLETE.  3 WARNING(S),  0 ERROR(S)
